0 verbose cli /usr/local/bin/node /usr/local/bin/npm
1 info using npm@8.19.3
2 info using node@v16.19.0
3 timing npm:load:whichnode Completed in 1ms
4 timing config:load:defaults Completed in 1ms
5 timing config:load:file:/usr/local/lib/node_modules/npm/npmrc Completed in 1ms
6 timing config:load:builtin Completed in 2ms
7 timing config:load:cli Completed in 1ms
8 timing config:load:env Completed in 1ms
9 timing config:load:file:/app/.npmrc Completed in 1ms
10 timing config:load:project Completed in 7ms
11 timing config:load:file:/home/node/.npmrc Completed in 0ms
12 timing config:load:user Completed in 0ms
13 timing config:load:file:/usr/local/etc/npmrc Completed in 1ms
14 timing config:load:global Completed in 1ms
15 timing config:load:validate Completed in 0ms
16 timing config:load:credentials Completed in 1ms
17 timing config:load:setEnvs Completed in 1ms
18 timing config:load Completed in 15ms
19 timing npm:load:configload Completed in 15ms
20 timing npm:load:mkdirpcache Completed in 12ms
21 timing npm:load:mkdirplogs Completed in 12ms
22 verbose title npm start
23 verbose argv "start"
24 timing npm:load:setTitle Completed in 1ms
25 timing config:load:flatten Completed in 2ms
26 timing npm:load:display Completed in 3ms
27 verbose logfile logs-max:10 dir:/app/.npm_cache/_logs
28 verbose logfile /app/.npm_cache/_logs/2024-01-26T12_06_57_385Z-debug-0.log
29 timing npm:load:logFile Completed in 18ms
30 timing npm:load:timers Completed in 0ms
31 timing npm:load:configScope Completed in 0ms
32 timing npm:load Completed in 63ms
33 silly logfile done cleaning log files
34 timing command:run-script Completed in 11ms
35 timing command:start Completed in 14ms
36 verbose stack Error: ENOENT: no such file or directory, open '/app/package.json'
37 verbose cwd /app
38 verbose Linux 5.10.102.1-microsoft-standard-WSL2
39 verbose node v16.19.0
40 verbose npm  v8.19.3
41 error code ENOENT
42 error syscall open
43 error path /app/package.json
44 error errno -2
45 error enoent ENOENT: no such file or directory, open '/app/package.json'
46 error enoent This is related to npm not being able to find a file.
46 error enoent
47 verbose exit -2
48 timing npm Completed in 89ms
49 verbose code -2
50 error A complete log of this run can be found in:
50 error     /app/.npm_cache/_logs/2024-01-26T12_06_57_385Z-debug-0.log
